# JRE version: Java(TM) SE Runtime Environment (8.0_112-b16) (build 1.8.0_112-b16)
# Java VM: Java HotSpot(TM) 64-Bit Server VM (25.112-b16 mixed mode bsd-amd64 compressed oops)
Heap:
 PSYoungGen      total 249344K, used 110564K [0x000000076ab00000, 0x0000000780180000, 0x00000007c0000000)
  eden space 208896K, 37% used [0x000000076ab00000,0x000000076f844b48,0x0000000777700000)
  from space 40448K, 77% used [0x0000000777700000,0x00000007795b4640,0x0000000779e80000)
  to   space 42496K, 0% used [0x000000077d800000,0x000000077d800000,0x0000000780180000)
 ParOldGen       total 239616K, used 41824K [0x00000006c0000000, 0x00000006cea00000, 0x000000076ab00000)
  object space 239616K, 17% used [0x00000006c0000000,0x00000006c28d8120,0x00000006cea00000)
 Metaspace       used 34157K, capacity 35068K, committed 35752K, reserved 1081344K
  class space    used 3483K, capacity 3772K, committed 4096K, reserved 1048576K
GC Heap History (10 events):
Event: 35.444 GC heap before
{Heap before GC invocations=9 (full 1):
 PSYoungGen      total 190976K, used 186137K [0x000000076ab00000, 0x000000077ab00000, 0x00000007c0000000)
  eden space 155136K, 100% used [0x000000076ab00000,0x0000000774280000,0x0000000774280000)
  from space 35840K, 86% used [0x0000000774280000,0x00000007760c64e8,0x0000000776580000)
  to   space 39424K, 0% used [0x0000000778480000,0x0000000778480000,0x000000077ab00000)
 ParOldGen       total 131072K, used 43099K [0x00000006c0000000, 0x00000006c8000000, 0x000000076ab00000)
  object space 131072K, 32% used [0x00000006c0000000,0x00000006c2a16fe0,0x00000006c8000000)
 Metaspace       used 30520K, capacity 31520K, committed 31744K, reserved 1077248K
  class space    used 3450K, capacity 3751K, committed 3840K, reserved 1048576K
Event: 35.469 GC heap after
Heap after GC invocations=9 (full 1):
 PSYoungGen      total 218624K, used 27148K [0x000000076ab00000, 0x000000077a980000, 0x00000007c0000000)
  eden space 180736K, 0% used [0x000000076ab00000,0x000000076ab00000,0x0000000775b80000)
  from space 37888K, 71% used [0x0000000778480000,0x0000000779f032d8,0x000000077a980000)
  to   space 39936K, 0% used [0x0000000775b80000,0x0000000775b80000,0x0000000778280000)
 ParOldGen       total 131072K, used 43107K [0x00000006c0000000, 0x00000006c8000000, 0x000000076ab00000)
  object space 131072K, 32% used [0x00000006c0000000,0x00000006c2a18fe0,0x00000006c8000000)
 Metaspace       used 30520K, capacity 31520K, committed 31744K, reserved 1077248K
  class space    used 3450K, capacity 3751K, committed 3840K, reserved 1048576K
}
Event: 36.296 GC heap before
{Heap before GC invocations=10 (full 1):
 PSYoungGen      total 218624K, used 146337K [0x000000076ab00000, 0x000000077a980000, 0x00000007c0000000)
  eden space 180736K, 65% used [0x000000076ab00000,0x0000000771f65508,0x0000000775b80000)
  from space 37888K, 71% used [0x0000000778480000,0x0000000779f032d8,0x000000077a980000)
  to   space 39936K, 0% used [0x0000000775b80000,0x0000000775b80000,0x0000000778280000)
 ParOldGen       total 131072K, used 43107K [0x00000006c0000000, 0x00000006c8000000, 0x000000076ab00000)
  object space 131072K, 32% used [0x00000006c0000000,0x00000006c2a18fe0,0x00000006c8000000)
 Metaspace       used 34238K, capacity 35250K, committed 35496K, reserved 1081344K
  class space    used 3676K, capacity 3979K, committed 4096K, reserved 1048576K
Event: 36.315 GC heap after
Heap after GC invocations=10 (full 1):
 PSYoungGen      total 220672K, used 27891K [0x000000076ab00000, 0x000000077c600000, 0x00000007c0000000)
  eden space 180736K, 0% used [0x000000076ab00000,0x000000076ab00000,0x0000000775b80000)
  from space 39936K, 69% used [0x0000000775b80000,0x00000007776bcd30,0x0000000778280000)
  to   space 40448K, 0% used [0x0000000779e80000,0x0000000779e80000,0x000000077c600000)
 ParOldGen       total 131072K, used 43115K [0x00000006c0000000, 0x00000006c8000000, 0x000000076ab00000)
  object space 131072K, 32% used [0x00000006c0000000,0x00000006c2a1afe0,0x00000006c8000000)
 Metaspace       used 34238K, capacity 35250K, committed 35496K, reserved 1081344K
  class space    used 3676K, capacity 3979K, committed 4096K, reserved 1048576K
}
Event: 36.315 GC heap before
{Heap before GC invocations=11 (full 2):
 PSYoungGen      total 220672K, used 27891K [0x000000076ab00000, 0x000000077c600000, 0x00000007c0000000)
  eden space 180736K, 0% used [0x000000076ab00000,0x000000076ab00000,0x0000000775b80000)
  from space 39936K, 69% used [0x0000000775b80000,0x00000007776bcd30,0x0000000778280000)
  to   space 40448K, 0% used [0x0000000779e80000,0x0000000779e80000,0x000000077c600000)
 ParOldGen       total 131072K, used 43115K [0x00000006c0000000, 0x00000006c8000000, 0x000000076ab00000)
  object space 131072K, 32% used [0x00000006c0000000,0x00000006c2a1afe0,0x00000006c8000000)
 Metaspace       used 34238K, capacity 35250K, committed 35496K, reserved 1081344K
  class space    used 3676K, capacity 3979K, committed 4096K, reserved 1048576K
Event: 36.397 GC heap after
Heap after GC invocations=11 (full 2):
 PSYoungGen      total 220672K, used 0K [0x000000076ab00000, 0x000000077c600000, 0x00000007c0000000)
  eden space 180736K, 0% used [0x000000076ab00000,0x000000076ab00000,0x0000000775b80000)
  from space 39936K, 0% used [0x0000000775b80000,0x0000000775b80000,0x0000000778280000)
  to   space 40448K, 0% used [0x0000000779e80000,0x0000000779e80000,0x000000077c600000)
 ParOldGen       total 239616K, used 41824K [0x00000006c0000000, 0x00000006cea00000, 0x000000076ab00000)
  object space 239616K, 17% used [0x00000006c0000000,0x00000006c28d8120,0x00000006cea00000)
 Metaspace       used 32923K, capacity 33852K, committed 35496K, reserved 1081344K
  class space    used 3479K, capacity 3772K, committed 4096K, reserved 1048576K
}
Event: 37.287 GC heap before
{Heap before GC invocations=12 (full 2):
 PSYoungGen      total 220672K, used 180736K [0x000000076ab00000, 0x000000077c600000, 0x00000007c0000000)
  eden space 180736K, 100% used [0x000000076ab00000,0x0000000775b80000,0x0000000775b80000)
  from space 39936K, 0% used [0x0000000775b80000,0x0000000775b80000,0x0000000778280000)
  to   space 40448K, 0% used [0x0000000779e80000,0x0000000779e80000,0x000000077c600000)
 ParOldGen       total 239616K, used 41824K [0x00000006c0000000, 0x00000006cea00000, 0x000000076ab00000)
  object space 239616K, 17% used [0x00000006c0000000,0x00000006c28d8120,0x00000006cea00000)
 Metaspace       used 34078K, capacity 35004K, committed 35496K, reserved 1081344K
  class space    used 3482K, capacity 3772K, committed 4096K, reserved 1048576K
Event: 37.300 GC heap after
Heap after GC invocations=12 (full 2):
 PSYoungGen      total 249344K, used 12305K [0x000000076ab00000, 0x000000077d680000, 0x00000007c0000000)
  eden space 208896K, 0% used [0x000000076ab00000,0x000000076ab00000,0x0000000777700000)
  from space 40448K, 30% used [0x0000000779e80000,0x000000077aa84640,0x000000077c600000)
  to   space 40448K, 0% used [0x0000000777700000,0x0000000777700000,0x0000000779e80000)
 ParOldGen       total 239616K, used 41824K [0x00000006c0000000, 0x00000006cea00000, 0x000000076ab00000)
  object space 239616K, 17% used [0x00000006c0000000,0x00000006c28d8120,0x00000006cea00000)
 Metaspace       used 34078K, capacity 35004K, committed 35496K, reserved 1081344K
  class space    used 3482K, capacity 3772K, committed 4096K, reserved 1048576K
}
Event: 38.363 GC heap before
{Heap before GC invocations=13 (full 2):
 PSYoungGen      total 249344K, used 221201K [0x000000076ab00000, 0x000000077d680000, 0x00000007c0000000)
  eden space 208896K, 100% used [0x000000076ab00000,0x0000000777700000,0x0000000777700000)
  from space 40448K, 30% used [0x0000000779e80000,0x000000077aa84640,0x000000077c600000)
  to   space 40448K, 0% used [0x0000000777700000,0x0000000777700000,0x0000000779e80000)
 ParOldGen       total 239616K, used 41824K [0x00000006c0000000, 0x00000006cea00000, 0x000000076ab00000)
  object space 239616K, 17% used [0x00000006c0000000,0x00000006c28d8120,0x00000006cea00000)
 Metaspace       used 34156K, capacity 35068K, committed 35752K, reserved 1081344K
  class space    used 3483K, capacity 3772K, committed 4096K, reserved 1048576K
Event: 38.381 GC heap after
Heap after GC invocations=13 (full 2):
 PSYoungGen      total 249344K, used 31441K [0x000000076ab00000, 0x0000000780180000, 0x00000007c0000000)
  eden space 208896K, 0% used [0x000000076ab00000,0x000000076ab00000,0x0000000777700000)
  from space 40448K, 77% used [0x0000000777700000,0x00000007795b4640,0x0000000779e80000)
  to   space 42496K, 0% used [0x000000077d800000,0x000000077d800000,0x0000000780180000)
 ParOldGen       total 239616K, used 41824K [0x00000006c0000000, 0x00000006cea00000, 0x000000076ab00000)
  object space 239616K, 17% used [0x00000006c0000000,0x00000006c28d8120,0x00000006cea00000)
 Metaspace       used 34156K, capacity 35068K, committed 35752K, reserved 1081344K
  class space    used 3483K, capacity 3772K, committed 4096K, reserved 1048576K
}

