# JRE version: Java(TM) SE Runtime Environment (8.0_112-b16) (build 1.8.0_112-b16)
# Java VM: Java HotSpot(TM) 64-Bit Server VM (25.112-b16 mixed mode bsd-amd64 compressed oops)
Heap:
 PSYoungGen      total 235520K, used 18005K [0x000000076ab00000, 0x000000077c100000, 0x00000007c0000000)
  eden space 217088K, 0% used [0x000000076ab00000,0x000000076ab00000,0x0000000777f00000)
  from space 18432K, 97% used [0x0000000777f00000,0x0000000779095438,0x0000000779100000)
  to   space 33792K, 0% used [0x000000077a000000,0x000000077a000000,0x000000077c100000)
 ParOldGen       total 235520K, used 38587K [0x00000006c0000000, 0x00000006ce600000, 0x000000076ab00000)
  object space 235520K, 16% used [0x00000006c0000000,0x00000006c25aee50,0x00000006ce600000)
 Metaspace       used 36308K, capacity 37246K, committed 37504K, reserved 1083392K
  class space    used 3803K, capacity 4113K, committed 4224K, reserved 1048576K
GC Heap History (10 events):
Event: 51.597 GC heap after
Heap after GC invocations=15 (full 2):
 PSYoungGen      total 170496K, used 9361K [0x000000076ab00000, 0x0000000779300000, 0x00000007c0000000)
  eden space 136192K, 0% used [0x000000076ab00000,0x000000076ab00000,0x0000000773000000)
  from space 34304K, 27% used [0x0000000773000000,0x0000000773924640,0x0000000775180000)
  to   space 34304K, 0% used [0x0000000777180000,0x0000000777180000,0x0000000779300000)
 ParOldGen       total 235520K, used 38555K [0x00000006c0000000, 0x00000006ce600000, 0x000000076ab00000)
  object space 235520K, 16% used [0x00000006c0000000,0x00000006c25a6e50,0x00000006ce600000)
 Metaspace       used 33993K, capacity 34936K, committed 35496K, reserved 1081344K
  class space    used 3480K, capacity 3772K, committed 4096K, reserved 1048576K
}
Event: 52.412 GC heap before
{Heap before GC invocations=16 (full 2):
 PSYoungGen      total 170496K, used 145553K [0x000000076ab00000, 0x0000000779300000, 0x00000007c0000000)
  eden space 136192K, 100% used [0x000000076ab00000,0x0000000773000000,0x0000000773000000)
  from space 34304K, 27% used [0x0000000773000000,0x0000000773924640,0x0000000775180000)
  to   space 34304K, 0% used [0x0000000777180000,0x0000000777180000,0x0000000779300000)
 ParOldGen       total 235520K, used 38555K [0x00000006c0000000, 0x00000006ce600000, 0x000000076ab00000)
  object space 235520K, 16% used [0x00000006c0000000,0x00000006c25a6e50,0x00000006ce600000)
 Metaspace       used 34105K, capacity 35000K, committed 35496K, reserved 1081344K
  class space    used 3483K, capacity 3772K, committed 4096K, reserved 1048576K
Event: 52.428 GC heap after
Heap after GC invocations=16 (full 2):
 PSYoungGen      total 204288K, used 19377K [0x000000076ab00000, 0x0000000779580000, 0x00000007c0000000)
  eden space 169984K, 0% used [0x000000076ab00000,0x000000076ab00000,0x0000000775100000)
  from space 34304K, 56% used [0x0000000777180000,0x000000077846c640,0x0000000779300000)
  to   space 33280K, 0% used [0x0000000775100000,0x0000000775100000,0x0000000777180000)
 ParOldGen       total 235520K, used 38563K [0x00000006c0000000, 0x00000006ce600000, 0x000000076ab00000)
  object space 235520K, 16% used [0x00000006c0000000,0x00000006c25a8e50,0x00000006ce600000)
 Metaspace       used 34105K, capacity 35000K, committed 35496K, reserved 1081344K
  class space    used 3483K, capacity 3772K, committed 4096K, reserved 1048576K
}
Event: 53.151 GC heap before
{Heap before GC invocations=17 (full 2):
 PSYoungGen      total 204288K, used 189361K [0x000000076ab00000, 0x0000000779580000, 0x00000007c0000000)
  eden space 169984K, 100% used [0x000000076ab00000,0x0000000775100000,0x0000000775100000)
  from space 34304K, 56% used [0x0000000777180000,0x000000077846c640,0x0000000779300000)
  to   space 33280K, 0% used [0x0000000775100000,0x0000000775100000,0x0000000777180000)
 ParOldGen       total 235520K, used 38563K [0x00000006c0000000, 0x00000006ce600000, 0x000000076ab00000)
  object space 235520K, 16% used [0x00000006c0000000,0x00000006c25a8e50,0x00000006ce600000)
 Metaspace       used 34132K, capacity 35128K, committed 35752K, reserved 1081344K
  class space    used 3484K, capacity 3772K, committed 4096K, reserved 1048576K
Event: 53.165 GC heap after
Heap after GC invocations=17 (full 2):
 PSYoungGen      total 203264K, used 31377K [0x000000076ab00000, 0x000000077c980000, 0x00000007c0000000)
  eden space 169984K, 0% used [0x000000076ab00000,0x000000076ab00000,0x0000000775100000)
  from space 33280K, 94% used [0x0000000775100000,0x0000000776fa4640,0x0000000777180000)
  to   space 36352K, 0% used [0x000000077a600000,0x000000077a600000,0x000000077c980000)
 ParOldGen       total 235520K, used 38571K [0x00000006c0000000, 0x00000006ce600000, 0x000000076ab00000)
  object space 235520K, 16% used [0x00000006c0000000,0x00000006c25aae50,0x00000006ce600000)
 Metaspace       used 34132K, capacity 35128K, committed 35752K, reserved 1081344K
  class space    used 3484K, capacity 3772K, committed 4096K, reserved 1048576K
}
Event: 55.841 GC heap before
{Heap before GC invocations=18 (full 2):
 PSYoungGen      total 203264K, used 201361K [0x000000076ab00000, 0x000000077c980000, 0x00000007c0000000)
  eden space 169984K, 100% used [0x000000076ab00000,0x0000000775100000,0x0000000775100000)
  from space 33280K, 94% used [0x0000000775100000,0x0000000776fa4640,0x0000000777180000)
  to   space 36352K, 0% used [0x000000077a600000,0x000000077a600000,0x000000077c980000)
 ParOldGen       total 235520K, used 38571K [0x00000006c0000000, 0x00000006ce600000, 0x000000076ab00000)
  object space 235520K, 16% used [0x00000006c0000000,0x00000006c25aae50,0x00000006ce600000)
 Metaspace       used 34163K, capacity 35128K, committed 35752K, reserved 1081344K
  class space    used 3486K, capacity 3772K, committed 4096K, reserved 1048576K
Event: 55.858 GC heap after
Heap after GC invocations=18 (full 2):
 PSYoungGen      total 246784K, used 20069K [0x000000076ab00000, 0x000000077c300000, 0x00000007c0000000)
  eden space 217088K, 0% used [0x000000076ab00000,0x000000076ab00000,0x0000000777f00000)
  from space 29696K, 67% used [0x000000077a600000,0x000000077b999648,0x000000077c300000)
  to   space 34816K, 0% used [0x0000000777f00000,0x0000000777f00000,0x000000077a100000)
 ParOldGen       total 235520K, used 38579K [0x00000006c0000000, 0x00000006ce600000, 0x000000076ab00000)
  object space 235520K, 16% used [0x00000006c0000000,0x00000006c25ace50,0x00000006ce600000)
 Metaspace       used 34163K, capacity 35128K, committed 35752K, reserved 1081344K
  class space    used 3486K, capacity 3772K, committed 4096K, reserved 1048576K
}
Event: 66.142 GC heap before
{Heap before GC invocations=19 (full 2):
 PSYoungGen      total 246784K, used 84586K [0x000000076ab00000, 0x000000077c300000, 0x00000007c0000000)
  eden space 217088K, 29% used [0x000000076ab00000,0x000000076ea01430,0x0000000777f00000)
  from space 29696K, 67% used [0x000000077a600000,0x000000077b999648,0x000000077c300000)
  to   space 34816K, 0% used [0x0000000777f00000,0x0000000777f00000,0x000000077a100000)
 ParOldGen       total 235520K, used 38579K [0x00000006c0000000, 0x00000006ce600000, 0x000000076ab00000)
  object space 235520K, 16% used [0x00000006c0000000,0x00000006c25ace50,0x00000006ce600000)
 Metaspace       used 36308K, capacity 37246K, committed 37504K, reserved 1083392K
  class space    used 3803K, capacity 4113K, committed 4224K, reserved 1048576K
Event: 66.154 GC heap after
Heap after GC invocations=19 (full 2):
 PSYoungGen      total 235520K, used 18005K [0x000000076ab00000, 0x000000077c100000, 0x00000007c0000000)
  eden space 217088K, 0% used [0x000000076ab00000,0x000000076ab00000,0x0000000777f00000)
  from space 18432K, 97% used [0x0000000777f00000,0x0000000779095438,0x0000000779100000)
  to   space 33792K, 0% used [0x000000077a000000,0x000000077a000000,0x000000077c100000)
 ParOldGen       total 235520K, used 38587K [0x00000006c0000000, 0x00000006ce600000, 0x000000076ab00000)
  object space 235520K, 16% used [0x00000006c0000000,0x00000006c25aee50,0x00000006ce600000)
 Metaspace       used 36308K, capacity 37246K, committed 37504K, reserved 1083392K
  class space    used 3803K, capacity 4113K, committed 4224K, reserved 1048576K
}
Event: 66.154 GC heap before
{Heap before GC invocations=20 (full 3):
 PSYoungGen      total 235520K, used 18005K [0x000000076ab00000, 0x000000077c100000, 0x00000007c0000000)
  eden space 217088K, 0% used [0x000000076ab00000,0x000000076ab00000,0x0000000777f00000)
  from space 18432K, 97% used [0x0000000777f00000,0x0000000779095438,0x0000000779100000)
  to   space 33792K, 0% used [0x000000077a000000,0x000000077a000000,0x000000077c100000)
 ParOldGen       total 235520K, used 38587K [0x00000006c0000000, 0x00000006ce600000, 0x000000076ab00000)
  object space 235520K, 16% used [0x00000006c0000000,0x00000006c25aee50,0x00000006ce600000)
 Metaspace       used 36308K, capacity 37246K, committed 37504K, reserved 1083392K
  class space    used 3803K, capacity 4113K, committed 4224K, reserved 1048576K

