# JRE version: Java(TM) SE Runtime Environment (8.0_112-b16) (build 1.8.0_112-b16)
# Java VM: Java HotSpot(TM) 64-Bit Server VM (25.112-b16 mixed mode bsd-amd64 compressed oops)
Heap:
 PSYoungGen      total 76288K, used 39884K [0x000000076ab00000, 0x0000000772480000, 0x00000007c0000000)
  eden space 65536K, 44% used [0x000000076ab00000,0x000000076c777e18,0x000000076eb00000)
  from space 10752K, 99% used [0x000000076eb00000,0x000000076f57b400,0x000000076f580000)
  to   space 16384K, 0% used [0x0000000771480000,0x0000000771480000,0x0000000772480000)
 ParOldGen       total 122880K, used 18182K [0x00000006c0000000, 0x00000006c7800000, 0x000000076ab00000)
  object space 122880K, 14% used [0x00000006c0000000,0x00000006c11c1a70,0x00000006c7800000)
 Metaspace       used 24988K, capacity 25626K, committed 25728K, reserved 1071104K
  class space    used 2939K, capacity 3169K, committed 3200K, reserved 1048576K
GC Heap History (10 events):
Event: 2.301 GC heap before
{Heap before GC invocations=2 (full 0):
 PSYoungGen      total 76288K, used 76279K [0x000000076ab00000, 0x0000000770000000, 0x00000007c0000000)
  eden space 65536K, 100% used [0x000000076ab00000,0x000000076eb00000,0x000000076eb00000)
  from space 10752K, 99% used [0x000000076eb00000,0x000000076f57ddb0,0x000000076f580000)
  to   space 10752K, 0% used [0x000000076f580000,0x000000076f580000,0x0000000770000000)
 ParOldGen       total 175104K, used 302K [0x00000006c0000000, 0x00000006cab00000, 0x000000076ab00000)
  object space 175104K, 0% used [0x00000006c0000000,0x00000006c004b9a8,0x00000006cab00000)
 Metaspace       used 17243K, capacity 17636K, committed 17920K, reserved 1064960K
  class space    used 2110K, capacity 2262K, committed 2304K, reserved 1048576K
Event: 2.312 GC heap after
Heap after GC invocations=2 (full 0):
 PSYoungGen      total 76288K, used 9857K [0x000000076ab00000, 0x0000000770000000, 0x00000007c0000000)
  eden space 65536K, 0% used [0x000000076ab00000,0x000000076ab00000,0x000000076eb00000)
  from space 10752K, 91% used [0x000000076f580000,0x000000076ff206a0,0x0000000770000000)
  to   space 10752K, 0% used [0x000000076eb00000,0x000000076eb00000,0x000000076f580000)
 ParOldGen       total 175104K, used 318K [0x00000006c0000000, 0x00000006cab00000, 0x000000076ab00000)
  object space 175104K, 0% used [0x00000006c0000000,0x00000006c004f9a8,0x00000006cab00000)
 Metaspace       used 17243K, capacity 17636K, committed 17920K, reserved 1064960K
  class space    used 2110K, capacity 2262K, committed 2304K, reserved 1048576K
}
Event: 3.202 GC heap before
{Heap before GC invocations=3 (full 0):
 PSYoungGen      total 76288K, used 75393K [0x000000076ab00000, 0x0000000770000000, 0x00000007c0000000)
  eden space 65536K, 100% used [0x000000076ab00000,0x000000076eb00000,0x000000076eb00000)
  from space 10752K, 91% used [0x000000076f580000,0x000000076ff206a0,0x0000000770000000)
  to   space 10752K, 0% used [0x000000076eb00000,0x000000076eb00000,0x000000076f580000)
 ParOldGen       total 175104K, used 318K [0x00000006c0000000, 0x00000006cab00000, 0x000000076ab00000)
  object space 175104K, 0% used [0x00000006c0000000,0x00000006c004f9a8,0x00000006cab00000)
 Metaspace       used 18021K, capacity 18540K, committed 18816K, reserved 1064960K
  class space    used 2154K, capacity 2342K, committed 2432K, reserved 1048576K
Event: 3.210 GC heap after
Heap after GC invocations=3 (full 0):
 PSYoungGen      total 76288K, used 10720K [0x000000076ab00000, 0x0000000770000000, 0x00000007c0000000)
  eden space 65536K, 0% used [0x000000076ab00000,0x000000076ab00000,0x000000076eb00000)
  from space 10752K, 99% used [0x000000076eb00000,0x000000076f578040,0x000000076f580000)
  to   space 10752K, 0% used [0x000000076f580000,0x000000076f580000,0x0000000770000000)
 ParOldGen       total 175104K, used 898K [0x00000006c0000000, 0x00000006cab00000, 0x000000076ab00000)
  object space 175104K, 0% used [0x00000006c0000000,0x00000006c00e0a30,0x00000006cab00000)
 Metaspace       used 18021K, capacity 18540K, committed 18816K, reserved 1064960K
  class space    used 2154K, capacity 2342K, committed 2432K, reserved 1048576K
}
Event: 4.112 GC heap before
{Heap before GC invocations=4 (full 0):
 PSYoungGen      total 76288K, used 68111K [0x000000076ab00000, 0x0000000770000000, 0x00000007c0000000)
  eden space 65536K, 87% used [0x000000076ab00000,0x000000076e30bf28,0x000000076eb00000)
  from space 10752K, 99% used [0x000000076eb00000,0x000000076f578040,0x000000076f580000)
  to   space 10752K, 0% used [0x000000076f580000,0x000000076f580000,0x0000000770000000)
 ParOldGen       total 175104K, used 898K [0x00000006c0000000, 0x00000006cab00000, 0x000000076ab00000)
  object space 175104K, 0% used [0x00000006c0000000,0x00000006c00e0a30,0x00000006cab00000)
 Metaspace       used 20636K, capacity 21236K, committed 21296K, reserved 1069056K
  class space    used 2458K, capacity 2688K, committed 2688K, reserved 1048576K
Event: 4.124 GC heap after
Heap after GC invocations=4 (full 0):
 PSYoungGen      total 76288K, used 10737K [0x000000076ab00000, 0x0000000770000000, 0x00000007c0000000)
  eden space 65536K, 0% used [0x000000076ab00000,0x000000076ab00000,0x000000076eb00000)
  from space 10752K, 99% used [0x000000076f580000,0x000000076fffc5e0,0x0000000770000000)
  to   space 10752K, 0% used [0x000000076eb00000,0x000000076eb00000,0x000000076f580000)
 ParOldGen       total 175104K, used 4377K [0x00000006c0000000, 0x00000006cab00000, 0x000000076ab00000)
  object space 175104K, 2% used [0x00000006c0000000,0x00000006c04465c8,0x00000006cab00000)
 Metaspace       used 20636K, capacity 21236K, committed 21296K, reserved 1069056K
  class space    used 2458K, capacity 2688K, committed 2688K, reserved 1048576K
}
Event: 4.124 GC heap before
{Heap before GC invocations=5 (full 1):
 PSYoungGen      total 76288K, used 10737K [0x000000076ab00000, 0x0000000770000000, 0x00000007c0000000)
  eden space 65536K, 0% used [0x000000076ab00000,0x000000076ab00000,0x000000076eb00000)
  from space 10752K, 99% used [0x000000076f580000,0x000000076fffc5e0,0x0000000770000000)
  to   space 10752K, 0% used [0x000000076eb00000,0x000000076eb00000,0x000000076f580000)
 ParOldGen       total 175104K, used 4377K [0x00000006c0000000, 0x00000006cab00000, 0x000000076ab00000)
  object space 175104K, 2% used [0x00000006c0000000,0x00000006c04465c8,0x00000006cab00000)
 Metaspace       used 20636K, capacity 21236K, committed 21296K, reserved 1069056K
  class space    used 2458K, capacity 2688K, committed 2688K, reserved 1048576K
Event: 4.184 GC heap after
Heap after GC invocations=5 (full 1):
 PSYoungGen      total 76288K, used 0K [0x000000076ab00000, 0x0000000770000000, 0x00000007c0000000)
  eden space 65536K, 0% used [0x000000076ab00000,0x000000076ab00000,0x000000076eb00000)
  from space 10752K, 0% used [0x000000076f580000,0x000000076f580000,0x0000000770000000)
  to   space 10752K, 0% used [0x000000076eb00000,0x000000076eb00000,0x000000076f580000)
 ParOldGen       total 122880K, used 14023K [0x00000006c0000000, 0x00000006c7800000, 0x000000076ab00000)
  object space 122880K, 11% used [0x00000006c0000000,0x00000006c0db1f78,0x00000006c7800000)
 Metaspace       used 20636K, capacity 21236K, committed 21296K, reserved 1069056K
  class space    used 2458K, capacity 2688K, committed 2688K, reserved 1048576K
}
Event: 5.233 GC heap before
{Heap before GC invocations=6 (full 1):
 PSYoungGen      total 76288K, used 65536K [0x000000076ab00000, 0x0000000770000000, 0x00000007c0000000)
  eden space 65536K, 100% used [0x000000076ab00000,0x000000076eb00000,0x000000076eb00000)
  from space 10752K, 0% used [0x000000076f580000,0x000000076f580000,0x0000000770000000)
  to   space 10752K, 0% used [0x000000076eb00000,0x000000076eb00000,0x000000076f580000)
 ParOldGen       total 122880K, used 14023K [0x00000006c0000000, 0x00000006c7800000, 0x000000076ab00000)
  object space 122880K, 11% used [0x00000006c0000000,0x00000006c0db1f78,0x00000006c7800000)
 Metaspace       used 23340K, capacity 23956K, committed 24064K, reserved 1071104K
  class space    used 2780K, capacity 2976K, committed 3072K, reserved 1048576K
Event: 5.243 GC heap after
Heap after GC invocations=6 (full 1):
 PSYoungGen      total 76288K, used 10733K [0x000000076ab00000, 0x0000000772480000, 0x00000007c0000000)
  eden space 65536K, 0% used [0x000000076ab00000,0x000000076ab00000,0x000000076eb00000)
  from space 10752K, 99% used [0x000000076eb00000,0x000000076f57b400,0x000000076f580000)
  to   space 16384K, 0% used [0x0000000771480000,0x0000000771480000,0x0000000772480000)
 ParOldGen       total 122880K, used 18182K [0x00000006c0000000, 0x00000006c7800000, 0x000000076ab00000)
  object space 122880K, 14% used [0x00000006c0000000,0x00000006c11c1a70,0x00000006c7800000)
 Metaspace       used 23340K, capacity 23956K, committed 24064K, reserved 1071104K
  class space    used 2780K, capacity 2976K, committed 3072K, reserved 1048576K
}

