# JRE version: Java(TM) SE Runtime Environment (8.0_112-b16) (build 1.8.0_112-b16)
# Java VM: Java HotSpot(TM) 64-Bit Server VM (25.112-b16 mixed mode bsd-amd64 compressed oops)
Heap:
 PSYoungGen      total 251392K, used 15402K [0x000000076ab00000, 0x000000077df80000, 0x00000007c0000000)
  eden space 212992K, 0% used [0x000000076ab00000,0x000000076ab00000,0x0000000777b00000)
  from space 38400K, 40% used [0x0000000777b00000,0x0000000778a0aaf0,0x000000077a080000)
  to   space 36864K, 0% used [0x000000077bb80000,0x000000077bb80000,0x000000077df80000)
 ParOldGen       total 122368K, used 55419K [0x00000006c0000000, 0x00000006c7780000, 0x000000076ab00000)
  object space 122368K, 45% used [0x00000006c0000000,0x00000006c361eec8,0x00000006c7780000)
 Metaspace       used 34356K, capacity 35240K, committed 35496K, reserved 1081344K
  class space    used 3674K, capacity 3978K, committed 4096K, reserved 1048576K
GC Heap History (10 events):
Event: 10.205 GC heap after
Heap after GC invocations=6 (full 1):
 PSYoungGen      total 141824K, used 10739K [0x000000076ab00000, 0x0000000778080000, 0x00000007c0000000)
  eden space 131072K, 0% used [0x000000076ab00000,0x000000076ab00000,0x0000000772b00000)
  from space 10752K, 99% used [0x0000000772b00000,0x000000077357ced8,0x0000000773580000)
  to   space 20480K, 0% used [0x0000000776c80000,0x0000000776c80000,0x0000000778080000)
 ParOldGen       total 122368K, used 23916K [0x00000006c0000000, 0x00000006c7780000, 0x000000076ab00000)
  object space 122368K, 19% used [0x00000006c0000000,0x00000006c175b2a0,0x00000006c7780000)
 Metaspace       used 26416K, capacity 27154K, committed 27264K, reserved 1073152K
  class space    used 3133K, capacity 3388K, committed 3456K, reserved 1048576K
}
Event: 14.579 GC heap before
{Heap before GC invocations=7 (full 1):
 PSYoungGen      total 141824K, used 141811K [0x000000076ab00000, 0x0000000778080000, 0x00000007c0000000)
  eden space 131072K, 100% used [0x000000076ab00000,0x0000000772b00000,0x0000000772b00000)
  from space 10752K, 99% used [0x0000000772b00000,0x000000077357ced8,0x0000000773580000)
  to   space 20480K, 0% used [0x0000000776c80000,0x0000000776c80000,0x0000000778080000)
 ParOldGen       total 122368K, used 23916K [0x00000006c0000000, 0x00000006c7780000, 0x000000076ab00000)
  object space 122368K, 19% used [0x00000006c0000000,0x00000006c175b2a0,0x00000006c7780000)
 Metaspace       used 28703K, capacity 29524K, committed 29824K, reserved 1075200K
  class space    used 3384K, capacity 3667K, committed 3712K, reserved 1048576K
Event: 14.597 GC heap after
Heap after GC invocations=7 (full 1):
 PSYoungGen      total 190976K, used 20474K [0x000000076ab00000, 0x0000000778a00000, 0x00000007c0000000)
  eden space 170496K, 0% used [0x000000076ab00000,0x000000076ab00000,0x0000000775180000)
  from space 20480K, 99% used [0x0000000776c80000,0x000000077807e918,0x0000000778080000)
  to   space 27648K, 0% used [0x0000000775180000,0x0000000775180000,0x0000000776c80000)
 ParOldGen       total 122368K, used 32106K [0x00000006c0000000, 0x00000006c7780000, 0x000000076ab00000)
  object space 122368K, 26% used [0x00000006c0000000,0x00000006c1f5a9b8,0x00000006c7780000)
 Metaspace       used 28703K, capacity 29524K, committed 29824K, reserved 1075200K
  class space    used 3384K, capacity 3667K, committed 3712K, reserved 1048576K
}
Event: 22.128 GC heap before
{Heap before GC invocations=8 (full 1):
 PSYoungGen      total 190976K, used 190970K [0x000000076ab00000, 0x0000000778a00000, 0x00000007c0000000)
  eden space 170496K, 100% used [0x000000076ab00000,0x0000000775180000,0x0000000775180000)
  from space 20480K, 99% used [0x0000000776c80000,0x000000077807e918,0x0000000778080000)
  to   space 27648K, 0% used [0x0000000775180000,0x0000000775180000,0x0000000776c80000)
 ParOldGen       total 122368K, used 32106K [0x00000006c0000000, 0x00000006c7780000, 0x000000076ab00000)
  object space 122368K, 26% used [0x00000006c0000000,0x00000006c1f5a9b8,0x00000006c7780000)
 Metaspace       used 29598K, capacity 30420K, committed 30592K, reserved 1077248K
  class space    used 3393K, capacity 3667K, committed 3712K, reserved 1048576K
Event: 22.152 GC heap after
Heap after GC invocations=8 (full 1):
 PSYoungGen      total 198144K, used 27624K [0x000000076ab00000, 0x000000077c000000, 0x00000007c0000000)
  eden space 170496K, 0% used [0x000000076ab00000,0x000000076ab00000,0x0000000775180000)
  from space 27648K, 99% used [0x0000000775180000,0x0000000776c7a108,0x0000000776c80000)
  to   space 32256K, 0% used [0x000000077a080000,0x000000077a080000,0x000000077c000000)
 ParOldGen       total 122368K, used 32437K [0x00000006c0000000, 0x00000006c7780000, 0x000000076ab00000)
  object space 122368K, 26% used [0x00000006c0000000,0x00000006c1fad778,0x00000006c7780000)
 Metaspace       used 29598K, capacity 30420K, committed 30592K, reserved 1077248K
  class space    used 3393K, capacity 3667K, committed 3712K, reserved 1048576K
}
Event: 33.249 GC heap before
{Heap before GC invocations=9 (full 1):
 PSYoungGen      total 198144K, used 198120K [0x000000076ab00000, 0x000000077c000000, 0x00000007c0000000)
  eden space 170496K, 100% used [0x000000076ab00000,0x0000000775180000,0x0000000775180000)
  from space 27648K, 99% used [0x0000000775180000,0x0000000776c7a108,0x0000000776c80000)
  to   space 32256K, 0% used [0x000000077a080000,0x000000077a080000,0x000000077c000000)
 ParOldGen       total 122368K, used 32437K [0x00000006c0000000, 0x00000006c7780000, 0x000000076ab00000)
  object space 122368K, 26% used [0x00000006c0000000,0x00000006c1fad778,0x00000006c7780000)
 Metaspace       used 29919K, capacity 30810K, committed 31104K, reserved 1077248K
  class space    used 3398K, capacity 3668K, committed 3712K, reserved 1048576K
Event: 33.273 GC heap after
Heap after GC invocations=9 (full 1):
 PSYoungGen      total 245248K, used 32244K [0x000000076ab00000, 0x000000077c600000, 0x00000007c0000000)
  eden space 212992K, 0% used [0x000000076ab00000,0x000000076ab00000,0x0000000777b00000)
  from space 32256K, 99% used [0x000000077a080000,0x000000077bffd1d0,0x000000077c000000)
  to   space 38400K, 0% used [0x0000000777b00000,0x0000000777b00000,0x000000077a080000)
 ParOldGen       total 122368K, used 35612K [0x00000006c0000000, 0x00000006c7780000, 0x000000076ab00000)
  object space 122368K, 29% used [0x00000006c0000000,0x00000006c22c7290,0x00000006c7780000)
 Metaspace       used 29919K, capacity 30810K, committed 31104K, reserved 1077248K
  class space    used 3398K, capacity 3668K, committed 3712K, reserved 1048576K
}
Event: 42.346 GC heap before
{Heap before GC invocations=10 (full 1):
 PSYoungGen      total 245248K, used 231968K [0x000000076ab00000, 0x000000077c600000, 0x00000007c0000000)
  eden space 212992K, 93% used [0x000000076ab00000,0x0000000776e0b0d8,0x0000000777b00000)
  from space 32256K, 99% used [0x000000077a080000,0x000000077bffd1d0,0x000000077c000000)
  to   space 38400K, 0% used [0x0000000777b00000,0x0000000777b00000,0x000000077a080000)
 ParOldGen       total 122368K, used 35612K [0x00000006c0000000, 0x00000006c7780000, 0x000000076ab00000)
  object space 122368K, 29% used [0x00000006c0000000,0x00000006c22c7290,0x00000006c7780000)
 Metaspace       used 34356K, capacity 35240K, committed 35496K, reserved 1081344K
  class space    used 3674K, capacity 3978K, committed 4096K, reserved 1048576K
Event: 42.375 GC heap after
Heap after GC invocations=10 (full 1):
 PSYoungGen      total 251392K, used 15402K [0x000000076ab00000, 0x000000077df80000, 0x00000007c0000000)
  eden space 212992K, 0% used [0x000000076ab00000,0x000000076ab00000,0x0000000777b00000)
  from space 38400K, 40% used [0x0000000777b00000,0x0000000778a0aaf0,0x000000077a080000)
  to   space 36864K, 0% used [0x000000077bb80000,0x000000077bb80000,0x000000077df80000)
 ParOldGen       total 122368K, used 55419K [0x00000006c0000000, 0x00000006c7780000, 0x000000076ab00000)
  object space 122368K, 45% used [0x00000006c0000000,0x00000006c361eec8,0x00000006c7780000)
 Metaspace       used 34356K, capacity 35240K, committed 35496K, reserved 1081344K
  class space    used 3674K, capacity 3978K, committed 4096K, reserved 1048576K
}
Event: 42.375 GC heap before
{Heap before GC invocations=11 (full 2):
 PSYoungGen      total 251392K, used 15402K [0x000000076ab00000, 0x000000077df80000, 0x00000007c0000000)
  eden space 212992K, 0% used [0x000000076ab00000,0x000000076ab00000,0x0000000777b00000)
  from space 38400K, 40% used [0x0000000777b00000,0x0000000778a0aaf0,0x000000077a080000)
  to   space 36864K, 0% used [0x000000077bb80000,0x000000077bb80000,0x000000077df80000)
 ParOldGen       total 122368K, used 55419K [0x00000006c0000000, 0x00000006c7780000, 0x000000076ab00000)
  object space 122368K, 45% used [0x00000006c0000000,0x00000006c361eec8,0x00000006c7780000)
 Metaspace       used 34356K, capacity 35240K, committed 35496K, reserved 1081344K
  class space    used 3674K, capacity 3978K, committed 4096K, reserved 1048576K

