# JRE version: Java(TM) SE Runtime Environment (8.0_112-b16) (build 1.8.0_112-b16)
# Java VM: Java HotSpot(TM) 64-Bit Server VM (25.112-b16 mixed mode bsd-amd64 compressed oops)
Heap:
 PSYoungGen      total 108544K, used 108525K [0x000000076ab00000, 0x0000000775380000, 0x00000007c0000000)
  eden space 90624K, 100% used [0x000000076ab00000,0x0000000770380000,0x0000000770380000)
  from space 17920K, 99% used [0x0000000770380000,0x00000007714fb570,0x0000000771500000)
  to   space 23040K, 96% used [0x0000000773d00000,0x00000007752a89b8,0x0000000775380000)
 ParOldGen       total 120320K, used 24554K [0x00000006c0000000, 0x00000006c7580000, 0x000000076ab00000)
  object space 120320K, 20% used [0x00000006c0000000,0x00000006c17fab50,0x00000006c7580000)
 Metaspace       used 29868K, capacity 30702K, committed 30976K, reserved 1077248K
  class space    used 3504K, capacity 3796K, committed 3840K, reserved 1048576K
GC Heap History (10 events):
Event: 3.991 GC heap after
Heap after GC invocations=4 (full 0):
 PSYoungGen      total 76288K, used 10726K [0x000000076ab00000, 0x0000000770000000, 0x00000007c0000000)
  eden space 65536K, 0% used [0x000000076ab00000,0x000000076ab00000,0x000000076eb00000)
  from space 10752K, 99% used [0x000000076f580000,0x000000076fff9858,0x0000000770000000)
  to   space 10752K, 0% used [0x000000076eb00000,0x000000076eb00000,0x000000076f580000)
 ParOldGen       total 175104K, used 2690K [0x00000006c0000000, 0x00000006cab00000, 0x000000076ab00000)
  object space 175104K, 1% used [0x00000006c0000000,0x00000006c02a0b38,0x00000006cab00000)
 Metaspace       used 20510K, capacity 21172K, committed 21296K, reserved 1069056K
  class space    used 2458K, capacity 2688K, committed 2688K, reserved 1048576K
}
Event: 3.991 GC heap before
{Heap before GC invocations=5 (full 1):
 PSYoungGen      total 76288K, used 10726K [0x000000076ab00000, 0x0000000770000000, 0x00000007c0000000)
  eden space 65536K, 0% used [0x000000076ab00000,0x000000076ab00000,0x000000076eb00000)
  from space 10752K, 99% used [0x000000076f580000,0x000000076fff9858,0x0000000770000000)
  to   space 10752K, 0% used [0x000000076eb00000,0x000000076eb00000,0x000000076f580000)
 ParOldGen       total 175104K, used 2690K [0x00000006c0000000, 0x00000006cab00000, 0x000000076ab00000)
  object space 175104K, 1% used [0x00000006c0000000,0x00000006c02a0b38,0x00000006cab00000)
 Metaspace       used 20510K, capacity 21172K, committed 21296K, reserved 1069056K
  class space    used 2458K, capacity 2688K, committed 2688K, reserved 1048576K
Event: 4.042 GC heap after
Heap after GC invocations=5 (full 1):
 PSYoungGen      total 76288K, used 0K [0x000000076ab00000, 0x0000000770000000, 0x00000007c0000000)
  eden space 65536K, 0% used [0x000000076ab00000,0x000000076ab00000,0x000000076eb00000)
  from space 10752K, 0% used [0x000000076f580000,0x000000076f580000,0x0000000770000000)
  to   space 10752K, 0% used [0x000000076eb00000,0x000000076eb00000,0x000000076f580000)
 ParOldGen       total 120320K, used 13101K [0x00000006c0000000, 0x00000006c7580000, 0x000000076ab00000)
  object space 120320K, 10% used [0x00000006c0000000,0x00000006c0ccb4f8,0x00000006c7580000)
 Metaspace       used 20510K, capacity 21172K, committed 21296K, reserved 1069056K
  class space    used 2458K, capacity 2688K, committed 2688K, reserved 1048576K
}
Event: 4.596 GC heap before
{Heap before GC invocations=6 (full 1):
 PSYoungGen      total 76288K, used 65536K [0x000000076ab00000, 0x0000000770000000, 0x00000007c0000000)
  eden space 65536K, 100% used [0x000000076ab00000,0x000000076eb00000,0x000000076eb00000)
  from space 10752K, 0% used [0x000000076f580000,0x000000076f580000,0x0000000770000000)
  to   space 10752K, 0% used [0x000000076eb00000,0x000000076eb00000,0x000000076f580000)
 ParOldGen       total 120320K, used 13101K [0x00000006c0000000, 0x00000006c7580000, 0x000000076ab00000)
  object space 120320K, 10% used [0x00000006c0000000,0x00000006c0ccb4f8,0x00000006c7580000)
 Metaspace       used 23341K, capacity 23988K, committed 24064K, reserved 1071104K
  class space    used 2778K, capacity 3008K, committed 3072K, reserved 1048576K
Event: 4.604 GC heap after
Heap after GC invocations=6 (full 1):
 PSYoungGen      total 76288K, used 10738K [0x000000076ab00000, 0x0000000772680000, 0x00000007c0000000)
  eden space 65536K, 0% used [0x000000076ab00000,0x000000076ab00000,0x000000076eb00000)
  from space 10752K, 99% used [0x000000076eb00000,0x000000076f57c930,0x000000076f580000)
  to   space 15872K, 0% used [0x0000000771700000,0x0000000771700000,0x0000000772680000)
 ParOldGen       total 120320K, used 17625K [0x00000006c0000000, 0x00000006c7580000, 0x000000076ab00000)
  object space 120320K, 14% used [0x00000006c0000000,0x00000006c1136648,0x00000006c7580000)
 Metaspace       used 23341K, capacity 23988K, committed 24064K, reserved 1071104K
  class space    used 2778K, capacity 3008K, committed 3072K, reserved 1048576K
}
Event: 12.222 GC heap before
{Heap before GC invocations=7 (full 1):
 PSYoungGen      total 76288K, used 76274K [0x000000076ab00000, 0x0000000772680000, 0x00000007c0000000)
  eden space 65536K, 100% used [0x000000076ab00000,0x000000076eb00000,0x000000076eb00000)
  from space 10752K, 99% used [0x000000076eb00000,0x000000076f57c930,0x000000076f580000)
  to   space 15872K, 0% used [0x0000000771700000,0x0000000771700000,0x0000000772680000)
 ParOldGen       total 120320K, used 17625K [0x00000006c0000000, 0x00000006c7580000, 0x000000076ab00000)
  object space 120320K, 14% used [0x00000006c0000000,0x00000006c1136648,0x00000006c7580000)
 Metaspace       used 25595K, capacity 26292K, committed 26496K, reserved 1073152K
  class space    used 2946K, capacity 3200K, committed 3200K, reserved 1048576K
Event: 12.231 GC heap after
Heap after GC invocations=7 (full 1):
 PSYoungGen      total 106496K, used 15858K [0x000000076ab00000, 0x0000000772680000, 0x00000007c0000000)
  eden space 90624K, 0% used [0x000000076ab00000,0x000000076ab00000,0x0000000770380000)
  from space 15872K, 99% used [0x0000000771700000,0x000000077267c9a0,0x0000000772680000)
  to   space 17920K, 0% used [0x0000000770380000,0x0000000770380000,0x0000000771500000)
 ParOldGen       total 120320K, used 17927K [0x00000006c0000000, 0x00000006c7580000, 0x000000076ab00000)
  object space 120320K, 14% used [0x00000006c0000000,0x00000006c1181d68,0x00000006c7580000)
 Metaspace       used 25595K, capacity 26292K, committed 26496K, reserved 1073152K
  class space    used 2946K, capacity 3200K, committed 3200K, reserved 1048576K
}
Event: 13.765 GC heap before
{Heap before GC invocations=8 (full 1):
 PSYoungGen      total 106496K, used 106482K [0x000000076ab00000, 0x0000000772680000, 0x00000007c0000000)
  eden space 90624K, 100% used [0x000000076ab00000,0x0000000770380000,0x0000000770380000)
  from space 15872K, 99% used [0x0000000771700000,0x000000077267c9a0,0x0000000772680000)
  to   space 17920K, 0% used [0x0000000770380000,0x0000000770380000,0x0000000771500000)
 ParOldGen       total 120320K, used 17927K [0x00000006c0000000, 0x00000006c7580000, 0x000000076ab00000)
  object space 120320K, 14% used [0x00000006c0000000,0x00000006c1181d68,0x00000006c7580000)
 Metaspace       used 27241K, capacity 28024K, committed 28288K, reserved 1075200K
  class space    used 3153K, capacity 3421K, committed 3456K, reserved 1048576K
Event: 13.780 GC heap after
Heap after GC invocations=8 (full 1):
 PSYoungGen      total 108544K, used 17901K [0x000000076ab00000, 0x0000000775380000, 0x00000007c0000000)
  eden space 90624K, 0% used [0x000000076ab00000,0x000000076ab00000,0x0000000770380000)
  from space 17920K, 99% used [0x0000000770380000,0x00000007714fb570,0x0000000771500000)
  to   space 23040K, 0% used [0x0000000773d00000,0x0000000773d00000,0x0000000775380000)
 ParOldGen       total 120320K, used 24546K [0x00000006c0000000, 0x00000006c7580000, 0x000000076ab00000)
  object space 120320K, 20% used [0x00000006c0000000,0x00000006c17f8b50,0x00000006c7580000)
 Metaspace       used 27241K, capacity 28024K, committed 28288K, reserved 1075200K
  class space    used 3153K, capacity 3421K, committed 3456K, reserved 1048576K
}
Event: 22.123 GC heap before
{Heap before GC invocations=9 (full 1):
 PSYoungGen      total 108544K, used 108525K [0x000000076ab00000, 0x0000000775380000, 0x00000007c0000000)
  eden space 90624K, 100% used [0x000000076ab00000,0x0000000770380000,0x0000000770380000)
  from space 17920K, 99% used [0x0000000770380000,0x00000007714fb570,0x0000000771500000)
  to   space 23040K, 0% used [0x0000000773d00000,0x0000000773d00000,0x0000000775380000)
 ParOldGen       total 120320K, used 24546K [0x00000006c0000000, 0x00000006c7580000, 0x000000076ab00000)
  object space 120320K, 20% used [0x00000006c0000000,0x00000006c17f8b50,0x00000006c7580000)
 Metaspace       used 29868K, capacity 30702K, committed 30976K, reserved 1077248K
  class space    used 3504K, capacity 3796K, committed 3840K, reserved 1048576K

