# JRE version: Java(TM) SE Runtime Environment (8.0_112-b16) (build 1.8.0_112-b16)
# Java VM: Java HotSpot(TM) 64-Bit Server VM (25.112-b16 mixed mode bsd-amd64 compressed oops)
Heap:
 PSYoungGen      total 107520K, used 38948K [0x000000076ab00000, 0x0000000772880000, 0x00000007c0000000)
  eden space 90624K, 24% used [0x000000076ab00000,0x000000076c0bf3c0,0x0000000770380000)
  from space 16896K, 98% used [0x0000000771800000,0x0000000772849d60,0x0000000772880000)
  to   space 18432K, 0% used [0x0000000770480000,0x0000000770480000,0x0000000771680000)
 ParOldGen       total 117760K, used 18843K [0x00000006c0000000, 0x00000006c7300000, 0x000000076ab00000)
  object space 117760K, 16% used [0x00000006c0000000,0x00000006c1266fa0,0x00000006c7300000)
 Metaspace       used 25991K, capacity 26694K, committed 26880K, reserved 1073152K
  class space    used 2986K, capacity 3241K, committed 3328K, reserved 1048576K
GC Heap History (10 events):
Event: 4.099 GC heap before
{Heap before GC invocations=3 (full 0):
 PSYoungGen      total 76288K, used 75251K [0x000000076ab00000, 0x0000000770000000, 0x00000007c0000000)
  eden space 65536K, 100% used [0x000000076ab00000,0x000000076eb00000,0x000000076eb00000)
  from space 10752K, 90% used [0x000000076f580000,0x000000076fefcd90,0x0000000770000000)
  to   space 10752K, 0% used [0x000000076eb00000,0x000000076eb00000,0x000000076f580000)
 ParOldGen       total 175104K, used 213K [0x00000006c0000000, 0x00000006cab00000, 0x000000076ab00000)
  object space 175104K, 0% used [0x00000006c0000000,0x00000006c00355d8,0x00000006cab00000)
 Metaspace       used 18036K, capacity 18552K, committed 18816K, reserved 1064960K
  class space    used 2152K, capacity 2344K, committed 2432K, reserved 1048576K
Event: 4.107 GC heap after
Heap after GC invocations=3 (full 0):
 PSYoungGen      total 76288K, used 10751K [0x000000076ab00000, 0x0000000770000000, 0x00000007c0000000)
  eden space 65536K, 0% used [0x000000076ab00000,0x000000076ab00000,0x000000076eb00000)
  from space 10752K, 99% used [0x000000076eb00000,0x000000076f57fd18,0x000000076f580000)
  to   space 10752K, 0% used [0x000000076f580000,0x000000076f580000,0x0000000770000000)
 ParOldGen       total 175104K, used 221K [0x00000006c0000000, 0x00000006cab00000, 0x000000076ab00000)
  object space 175104K, 0% used [0x00000006c0000000,0x00000006c00375d8,0x00000006cab00000)
 Metaspace       used 18036K, capacity 18552K, committed 18816K, reserved 1064960K
  class space    used 2152K, capacity 2344K, committed 2432K, reserved 1048576K
}
Event: 4.825 GC heap before
{Heap before GC invocations=4 (full 0):
 PSYoungGen      total 76288K, used 61767K [0x000000076ab00000, 0x0000000770000000, 0x00000007c0000000)
  eden space 65536K, 77% used [0x000000076ab00000,0x000000076dcd2128,0x000000076eb00000)
  from space 10752K, 99% used [0x000000076eb00000,0x000000076f57fd18,0x000000076f580000)
  to   space 10752K, 0% used [0x000000076f580000,0x000000076f580000,0x0000000770000000)
 ParOldGen       total 175104K, used 221K [0x00000006c0000000, 0x00000006cab00000, 0x000000076ab00000)
  object space 175104K, 0% used [0x00000006c0000000,0x00000006c00375d8,0x00000006cab00000)
 Metaspace       used 20530K, capacity 21176K, committed 21296K, reserved 1069056K
  class space    used 2457K, capacity 2688K, committed 2688K, reserved 1048576K
Event: 4.836 GC heap after
Heap after GC invocations=4 (full 0):
 PSYoungGen      total 76288K, used 10726K [0x000000076ab00000, 0x0000000770000000, 0x00000007c0000000)
  eden space 65536K, 0% used [0x000000076ab00000,0x000000076ab00000,0x000000076eb00000)
  from space 10752K, 99% used [0x000000076f580000,0x000000076fff9a80,0x0000000770000000)
  to   space 10752K, 0% used [0x000000076eb00000,0x000000076eb00000,0x000000076f580000)
 ParOldGen       total 175104K, used 2789K [0x00000006c0000000, 0x00000006cab00000, 0x000000076ab00000)
  object space 175104K, 1% used [0x00000006c0000000,0x00000006c02b9750,0x00000006cab00000)
 Metaspace       used 20530K, capacity 21176K, committed 21296K, reserved 1069056K
  class space    used 2457K, capacity 2688K, committed 2688K, reserved 1048576K
}
Event: 4.836 GC heap before
{Heap before GC invocations=5 (full 1):
 PSYoungGen      total 76288K, used 10726K [0x000000076ab00000, 0x0000000770000000, 0x00000007c0000000)
  eden space 65536K, 0% used [0x000000076ab00000,0x000000076ab00000,0x000000076eb00000)
  from space 10752K, 99% used [0x000000076f580000,0x000000076fff9a80,0x0000000770000000)
  to   space 10752K, 0% used [0x000000076eb00000,0x000000076eb00000,0x000000076f580000)
 ParOldGen       total 175104K, used 2789K [0x00000006c0000000, 0x00000006cab00000, 0x000000076ab00000)
  object space 175104K, 1% used [0x00000006c0000000,0x00000006c02b9750,0x00000006cab00000)
 Metaspace       used 20530K, capacity 21176K, committed 21296K, reserved 1069056K
  class space    used 2457K, capacity 2688K, committed 2688K, reserved 1048576K
Event: 4.892 GC heap after
Heap after GC invocations=5 (full 1):
 PSYoungGen      total 76288K, used 0K [0x000000076ab00000, 0x0000000770000000, 0x00000007c0000000)
  eden space 65536K, 0% used [0x000000076ab00000,0x000000076ab00000,0x000000076eb00000)
  from space 10752K, 0% used [0x000000076f580000,0x000000076f580000,0x0000000770000000)
  to   space 10752K, 0% used [0x000000076eb00000,0x000000076eb00000,0x000000076f580000)
 ParOldGen       total 117760K, used 13164K [0x00000006c0000000, 0x00000006c7300000, 0x000000076ab00000)
  object space 117760K, 11% used [0x00000006c0000000,0x00000006c0cdb2f8,0x00000006c7300000)
 Metaspace       used 20530K, capacity 21176K, committed 21296K, reserved 1069056K
  class space    used 2457K, capacity 2688K, committed 2688K, reserved 1048576K
}
Event: 5.916 GC heap before
{Heap before GC invocations=6 (full 1):
 PSYoungGen      total 76288K, used 65536K [0x000000076ab00000, 0x0000000770000000, 0x00000007c0000000)
  eden space 65536K, 100% used [0x000000076ab00000,0x000000076eb00000,0x000000076eb00000)
  from space 10752K, 0% used [0x000000076f580000,0x000000076f580000,0x0000000770000000)
  to   space 10752K, 0% used [0x000000076eb00000,0x000000076eb00000,0x000000076f580000)
 ParOldGen       total 117760K, used 13164K [0x00000006c0000000, 0x00000006c7300000, 0x000000076ab00000)
  object space 117760K, 11% used [0x00000006c0000000,0x00000006c0cdb2f8,0x00000006c7300000)
 Metaspace       used 23408K, capacity 24056K, committed 24320K, reserved 1071104K
  class space    used 2781K, capacity 3008K, committed 3072K, reserved 1048576K
Event: 5.926 GC heap after
Heap after GC invocations=6 (full 1):
 PSYoungGen      total 76288K, used 10729K [0x000000076ab00000, 0x0000000772880000, 0x00000007c0000000)
  eden space 65536K, 0% used [0x000000076ab00000,0x000000076ab00000,0x000000076eb00000)
  from space 10752K, 99% used [0x000000076eb00000,0x000000076f57a5d0,0x000000076f580000)
  to   space 16896K, 0% used [0x0000000771800000,0x0000000771800000,0x0000000772880000)
 ParOldGen       total 117760K, used 18835K [0x00000006c0000000, 0x00000006c7300000, 0x000000076ab00000)
  object space 117760K, 15% used [0x00000006c0000000,0x00000006c1264fa0,0x00000006c7300000)
 Metaspace       used 23408K, capacity 24056K, committed 24320K, reserved 1071104K
  class space    used 2781K, capacity 3008K, committed 3072K, reserved 1048576K
}
Event: 13.868 GC heap before
{Heap before GC invocations=7 (full 1):
 PSYoungGen      total 76288K, used 76265K [0x000000076ab00000, 0x0000000772880000, 0x00000007c0000000)
  eden space 65536K, 100% used [0x000000076ab00000,0x000000076eb00000,0x000000076eb00000)
  from space 10752K, 99% used [0x000000076eb00000,0x000000076f57a5d0,0x000000076f580000)
  to   space 16896K, 0% used [0x0000000771800000,0x0000000771800000,0x0000000772880000)
 ParOldGen       total 117760K, used 18835K [0x00000006c0000000, 0x00000006c7300000, 0x000000076ab00000)
  object space 117760K, 15% used [0x00000006c0000000,0x00000006c1264fa0,0x00000006c7300000)
 Metaspace       used 25584K, capacity 26296K, committed 26496K, reserved 1073152K
  class space    used 2946K, capacity 3200K, committed 3200K, reserved 1048576K
Event: 13.878 GC heap after
Heap after GC invocations=7 (full 1):
 PSYoungGen      total 107520K, used 16679K [0x000000076ab00000, 0x0000000772880000, 0x00000007c0000000)
  eden space 90624K, 0% used [0x000000076ab00000,0x000000076ab00000,0x0000000770380000)
  from space 16896K, 98% used [0x0000000771800000,0x0000000772849d60,0x0000000772880000)
  to   space 18432K, 0% used [0x0000000770480000,0x0000000770480000,0x0000000771680000)
 ParOldGen       total 117760K, used 18843K [0x00000006c0000000, 0x00000006c7300000, 0x000000076ab00000)
  object space 117760K, 16% used [0x00000006c0000000,0x00000006c1266fa0,0x00000006c7300000)
 Metaspace       used 25584K, capacity 26296K, committed 26496K, reserved 1073152K
  class space    used 2946K, capacity 3200K, committed 3200K, reserved 1048576K
}

