# JRE version: Java(TM) SE Runtime Environment (8.0_112-b16) (build 1.8.0_112-b16)
# Java VM: Java HotSpot(TM) 64-Bit Server VM (25.112-b16 mixed mode bsd-amd64 compressed oops)
Heap:
 PSYoungGen      total 191488K, used 33724K [0x000000076ab00000, 0x0000000779800000, 0x00000007c0000000)
  eden space 150016K, 0% used [0x000000076ab00000,0x000000076ab00000,0x0000000773d80000)
  from space 41472K, 81% used [0x0000000776980000,0x0000000778a6f300,0x0000000779200000)
  to   space 45056K, 0% used [0x0000000773d80000,0x0000000773d80000,0x0000000776980000)
 ParOldGen       total 115712K, used 38934K [0x00000006c0000000, 0x00000006c7100000, 0x000000076ab00000)
  object space 115712K, 33% used [0x00000006c0000000,0x00000006c2605bc8,0x00000006c7100000)
 Metaspace       used 34379K, capacity 35290K, committed 35496K, reserved 1081344K
  class space    used 3953K, capacity 4253K, committed 4352K, reserved 1048576K
GC Heap History (10 events):
Event: 22.359 GC heap after
Heap after GC invocations=9 (full 1):
 PSYoungGen      total 130560K, used 22013K [0x000000076ab00000, 0x0000000774f00000, 0x00000007c0000000)
  eden space 108544K, 0% used [0x000000076ab00000,0x000000076ab00000,0x0000000771500000)
  from space 22016K, 99% used [0x0000000773080000,0x00000007745ff5a0,0x0000000774600000)
  to   space 28160K, 0% used [0x0000000771500000,0x0000000771500000,0x0000000773080000)
 ParOldGen       total 115712K, used 26467K [0x00000006c0000000, 0x00000006c7100000, 0x000000076ab00000)
  object space 115712K, 22% used [0x00000006c0000000,0x00000006c19d8eb0,0x00000006c7100000)
 Metaspace       used 31279K, capacity 31948K, committed 32256K, reserved 1077248K
  class space    used 3562K, capacity 3755K, committed 3840K, reserved 1048576K
}
Event: 28.545 GC heap before
{Heap before GC invocations=10 (full 1):
 PSYoungGen      total 130560K, used 130557K [0x000000076ab00000, 0x0000000774f00000, 0x00000007c0000000)
  eden space 108544K, 100% used [0x000000076ab00000,0x0000000771500000,0x0000000771500000)
  from space 22016K, 99% used [0x0000000773080000,0x00000007745ff5a0,0x0000000774600000)
  to   space 28160K, 0% used [0x0000000771500000,0x0000000771500000,0x0000000773080000)
 ParOldGen       total 115712K, used 26467K [0x00000006c0000000, 0x00000006c7100000, 0x000000076ab00000)
  object space 115712K, 22% used [0x00000006c0000000,0x00000006c19d8eb0,0x00000006c7100000)
 Metaspace       used 31724K, capacity 32458K, committed 32768K, reserved 1079296K
  class space    used 3585K, capacity 3791K, committed 3840K, reserved 1048576K
Event: 28.568 GC heap after
Heap after GC invocations=10 (full 1):
 PSYoungGen      total 136704K, used 28138K [0x000000076ab00000, 0x0000000776f80000, 0x00000007c0000000)
  eden space 108544K, 0% used [0x000000076ab00000,0x000000076ab00000,0x0000000771500000)
  from space 28160K, 99% used [0x0000000771500000,0x000000077307a968,0x0000000773080000)
  to   space 34304K, 0% used [0x0000000774e00000,0x0000000774e00000,0x0000000776f80000)
 ParOldGen       total 115712K, used 31490K [0x00000006c0000000, 0x00000006c7100000, 0x000000076ab00000)
  object space 115712K, 27% used [0x00000006c0000000,0x00000006c1ec0a20,0x00000006c7100000)
 Metaspace       used 31724K, capacity 32458K, committed 32768K, reserved 1079296K
  class space    used 3585K, capacity 3791K, committed 3840K, reserved 1048576K
}
Event: 33.846 GC heap before
{Heap before GC invocations=11 (full 1):
 PSYoungGen      total 136704K, used 136337K [0x000000076ab00000, 0x0000000776f80000, 0x00000007c0000000)
  eden space 108544K, 99% used [0x000000076ab00000,0x00000007714a9d48,0x0000000771500000)
  from space 28160K, 99% used [0x0000000771500000,0x000000077307a968,0x0000000773080000)
  to   space 34304K, 0% used [0x0000000774e00000,0x0000000774e00000,0x0000000776f80000)
 ParOldGen       total 115712K, used 31490K [0x00000006c0000000, 0x00000006c7100000, 0x000000076ab00000)
  object space 115712K, 27% used [0x00000006c0000000,0x00000006c1ec0a20,0x00000006c7100000)
 Metaspace       used 32773K, capacity 33538K, committed 33664K, reserved 1079296K
  class space    used 3724K, capacity 3947K, committed 3968K, reserved 1048576K
Event: 33.874 GC heap after
Heap after GC invocations=11 (full 1):
 PSYoungGen      total 162816K, used 31039K [0x000000076ab00000, 0x0000000777700000, 0x00000007c0000000)
  eden space 128512K, 0% used [0x000000076ab00000,0x000000076ab00000,0x0000000772880000)
  from space 34304K, 90% used [0x0000000774e00000,0x0000000776c4fc98,0x0000000776f80000)
  to   space 38400K, 0% used [0x0000000772880000,0x0000000772880000,0x0000000774e00000)
 ParOldGen       total 115712K, used 38918K [0x00000006c0000000, 0x00000006c7100000, 0x000000076ab00000)
  object space 115712K, 33% used [0x00000006c0000000,0x00000006c2601bc8,0x00000006c7100000)
 Metaspace       used 32773K, capacity 33538K, committed 33664K, reserved 1079296K
  class space    used 3724K, capacity 3947K, committed 3968K, reserved 1048576K
}
Event: 42.338 GC heap before
{Heap before GC invocations=12 (full 1):
 PSYoungGen      total 162816K, used 159551K [0x000000076ab00000, 0x0000000777700000, 0x00000007c0000000)
  eden space 128512K, 100% used [0x000000076ab00000,0x0000000772880000,0x0000000772880000)
  from space 34304K, 90% used [0x0000000774e00000,0x0000000776c4fc98,0x0000000776f80000)
  to   space 38400K, 0% used [0x0000000772880000,0x0000000772880000,0x0000000774e00000)
 ParOldGen       total 115712K, used 38918K [0x00000006c0000000, 0x00000006c7100000, 0x000000076ab00000)
  object space 115712K, 33% used [0x00000006c0000000,0x00000006c2601bc8,0x00000006c7100000)
 Metaspace       used 32881K, capacity 33698K, committed 34048K, reserved 1079296K
  class space    used 3727K, capacity 3979K, committed 4096K, reserved 1048576K
Event: 42.357 GC heap after
Heap after GC invocations=12 (full 1):
 PSYoungGen      total 166912K, used 32277K [0x000000076ab00000, 0x0000000779200000, 0x00000007c0000000)
  eden space 128512K, 0% used [0x000000076ab00000,0x000000076ab00000,0x0000000772880000)
  from space 38400K, 84% used [0x0000000772880000,0x0000000774805768,0x0000000774e00000)
  to   space 41472K, 0% used [0x0000000776980000,0x0000000776980000,0x0000000779200000)
 ParOldGen       total 115712K, used 38926K [0x00000006c0000000, 0x00000006c7100000, 0x000000076ab00000)
  object space 115712K, 33% used [0x00000006c0000000,0x00000006c2603bc8,0x00000006c7100000)
 Metaspace       used 32881K, capacity 33698K, committed 34048K, reserved 1079296K
  class space    used 3727K, capacity 3979K, committed 4096K, reserved 1048576K
}
Event: 50.715 GC heap before
{Heap before GC invocations=13 (full 1):
 PSYoungGen      total 166912K, used 131137K [0x000000076ab00000, 0x0000000779200000, 0x00000007c0000000)
  eden space 128512K, 76% used [0x000000076ab00000,0x0000000770b8afc0,0x0000000772880000)
  from space 38400K, 84% used [0x0000000772880000,0x0000000774805768,0x0000000774e00000)
  to   space 41472K, 0% used [0x0000000776980000,0x0000000776980000,0x0000000779200000)
 ParOldGen       total 115712K, used 38926K [0x00000006c0000000, 0x00000006c7100000, 0x000000076ab00000)
  object space 115712K, 33% used [0x00000006c0000000,0x00000006c2603bc8,0x00000006c7100000)
 Metaspace       used 34379K, capacity 35290K, committed 35496K, reserved 1081344K
  class space    used 3953K, capacity 4253K, committed 4352K, reserved 1048576K
Event: 50.745 GC heap after
Heap after GC invocations=13 (full 1):
 PSYoungGen      total 191488K, used 33724K [0x000000076ab00000, 0x0000000779800000, 0x00000007c0000000)
  eden space 150016K, 0% used [0x000000076ab00000,0x000000076ab00000,0x0000000773d80000)
  from space 41472K, 81% used [0x0000000776980000,0x0000000778a6f300,0x0000000779200000)
  to   space 45056K, 0% used [0x0000000773d80000,0x0000000773d80000,0x0000000776980000)
 ParOldGen       total 115712K, used 38934K [0x00000006c0000000, 0x00000006c7100000, 0x000000076ab00000)
  object space 115712K, 33% used [0x00000006c0000000,0x00000006c2605bc8,0x00000006c7100000)
 Metaspace       used 34379K, capacity 35290K, committed 35496K, reserved 1081344K
  class space    used 3953K, capacity 4253K, committed 4352K, reserved 1048576K
}
Event: 50.745 GC heap before
{Heap before GC invocations=14 (full 2):
 PSYoungGen      total 191488K, used 33724K [0x000000076ab00000, 0x0000000779800000, 0x00000007c0000000)
  eden space 150016K, 0% used [0x000000076ab00000,0x000000076ab00000,0x0000000773d80000)
  from space 41472K, 81% used [0x0000000776980000,0x0000000778a6f300,0x0000000779200000)
  to   space 45056K, 0% used [0x0000000773d80000,0x0000000773d80000,0x0000000776980000)
 ParOldGen       total 115712K, used 38934K [0x00000006c0000000, 0x00000006c7100000, 0x000000076ab00000)
  object space 115712K, 33% used [0x00000006c0000000,0x00000006c2605bc8,0x00000006c7100000)
 Metaspace       used 34379K, capacity 35290K, committed 35496K, reserved 1081344K
  class space    used 3953K, capacity 4253K, committed 4352K, reserved 1048576K

