# JRE version: Java(TM) SE Runtime Environment (8.0_112-b16) (build 1.8.0_112-b16)
# Java VM: Java HotSpot(TM) 64-Bit Server VM (25.112-b16 mixed mode bsd-amd64 compressed oops)
Heap:
 PSYoungGen      total 76288K, used 63949K [0x000000076ab00000, 0x0000000770000000, 0x00000007c0000000)
  eden space 65536K, 97% used [0x000000076ab00000,0x000000076e973488,0x000000076eb00000)
  from space 10752K, 0% used [0x000000076f580000,0x000000076f580000,0x0000000770000000)
  to   space 10752K, 0% used [0x000000076eb00000,0x000000076eb00000,0x000000076f580000)
 ParOldGen       total 119808K, used 13166K [0x00000006c0000000, 0x00000006c7500000, 0x000000076ab00000)
  object space 119808K, 10% used [0x00000006c0000000,0x00000006c0cdb928,0x00000006c7500000)
 Metaspace       used 23381K, capacity 24056K, committed 24320K, reserved 1071104K
  class space    used 2781K, capacity 3008K, committed 3072K, reserved 1048576K
GC Heap History (10 events):
Event: 1.100 GC heap before
{Heap before GC invocations=1 (full 0):
 PSYoungGen      total 76288K, used 65536K [0x000000076ab00000, 0x0000000770000000, 0x00000007c0000000)
  eden space 65536K, 100% used [0x000000076ab00000,0x000000076eb00000,0x000000076eb00000)
  from space 10752K, 0% used [0x000000076f580000,0x000000076f580000,0x0000000770000000)
  to   space 10752K, 0% used [0x000000076eb00000,0x000000076eb00000,0x000000076f580000)
 ParOldGen       total 175104K, used 0K [0x00000006c0000000, 0x00000006cab00000, 0x000000076ab00000)
  object space 175104K, 0% used [0x00000006c0000000,0x00000006c0000000,0x00000006cab00000)
 Metaspace       used 12325K, capacity 12500K, committed 12800K, reserved 1060864K
  class space    used 1579K, capacity 1670K, committed 1792K, reserved 1048576K
Event: 1.110 GC heap after
Heap after GC invocations=1 (full 0):
 PSYoungGen      total 76288K, used 10742K [0x000000076ab00000, 0x0000000770000000, 0x00000007c0000000)
  eden space 65536K, 0% used [0x000000076ab00000,0x000000076ab00000,0x000000076eb00000)
  from space 10752K, 99% used [0x000000076eb00000,0x000000076f57d890,0x000000076f580000)
  to   space 10752K, 0% used [0x000000076f580000,0x000000076f580000,0x0000000770000000)
 ParOldGen       total 175104K, used 217K [0x00000006c0000000, 0x00000006cab00000, 0x000000076ab00000)
  object space 175104K, 0% used [0x00000006c0000000,0x00000006c0036570,0x00000006cab00000)
 Metaspace       used 12325K, capacity 12500K, committed 12800K, reserved 1060864K
  class space    used 1579K, capacity 1670K, committed 1792K, reserved 1048576K
}
Event: 2.649 GC heap before
{Heap before GC invocations=2 (full 0):
 PSYoungGen      total 76288K, used 76278K [0x000000076ab00000, 0x0000000770000000, 0x00000007c0000000)
  eden space 65536K, 100% used [0x000000076ab00000,0x000000076eb00000,0x000000076eb00000)
  from space 10752K, 99% used [0x000000076eb00000,0x000000076f57d890,0x000000076f580000)
  to   space 10752K, 0% used [0x000000076f580000,0x000000076f580000,0x0000000770000000)
 ParOldGen       total 175104K, used 217K [0x00000006c0000000, 0x00000006cab00000, 0x000000076ab00000)
  object space 175104K, 0% used [0x00000006c0000000,0x00000006c0036570,0x00000006cab00000)
 Metaspace       used 17273K, capacity 17786K, committed 17920K, reserved 1064960K
  class space    used 2112K, capacity 2268K, committed 2304K, reserved 1048576K
Event: 2.658 GC heap after
Heap after GC invocations=2 (full 0):
 PSYoungGen      total 76288K, used 9587K [0x000000076ab00000, 0x0000000770000000, 0x00000007c0000000)
  eden space 65536K, 0% used [0x000000076ab00000,0x000000076ab00000,0x000000076eb00000)
  from space 10752K, 89% used [0x000000076f580000,0x000000076fedcd90,0x0000000770000000)
  to   space 10752K, 0% used [0x000000076eb00000,0x000000076eb00000,0x000000076f580000)
 ParOldGen       total 175104K, used 233K [0x00000006c0000000, 0x00000006cab00000, 0x000000076ab00000)
  object space 175104K, 0% used [0x00000006c0000000,0x00000006c003a570,0x00000006cab00000)
 Metaspace       used 17273K, capacity 17786K, committed 17920K, reserved 1064960K
  class space    used 2112K, capacity 2268K, committed 2304K, reserved 1048576K
}
Event: 3.673 GC heap before
{Heap before GC invocations=3 (full 0):
 PSYoungGen      total 76288K, used 75123K [0x000000076ab00000, 0x0000000770000000, 0x00000007c0000000)
  eden space 65536K, 100% used [0x000000076ab00000,0x000000076eb00000,0x000000076eb00000)
  from space 10752K, 89% used [0x000000076f580000,0x000000076fedcd90,0x0000000770000000)
  to   space 10752K, 0% used [0x000000076eb00000,0x000000076eb00000,0x000000076f580000)
 ParOldGen       total 175104K, used 233K [0x00000006c0000000, 0x00000006cab00000, 0x000000076ab00000)
  object space 175104K, 0% used [0x00000006c0000000,0x00000006c003a570,0x00000006cab00000)
 Metaspace       used 18058K, capacity 18552K, committed 18816K, reserved 1064960K
  class space    used 2152K, capacity 2344K, committed 2432K, reserved 1048576K
Event: 3.682 GC heap after
Heap after GC invocations=3 (full 0):
 PSYoungGen      total 76288K, used 10639K [0x000000076ab00000, 0x0000000770000000, 0x00000007c0000000)
  eden space 65536K, 0% used [0x000000076ab00000,0x000000076ab00000,0x000000076eb00000)
  from space 10752K, 98% used [0x000000076eb00000,0x000000076f563d08,0x000000076f580000)
  to   space 10752K, 0% used [0x000000076f580000,0x000000076f580000,0x0000000770000000)
 ParOldGen       total 175104K, used 241K [0x00000006c0000000, 0x00000006cab00000, 0x000000076ab00000)
  object space 175104K, 0% used [0x00000006c0000000,0x00000006c003c570,0x00000006cab00000)
 Metaspace       used 18058K, capacity 18552K, committed 18816K, reserved 1064960K
  class space    used 2152K, capacity 2344K, committed 2432K, reserved 1048576K
}
Event: 4.467 GC heap before
{Heap before GC invocations=4 (full 0):
 PSYoungGen      total 76288K, used 62460K [0x000000076ab00000, 0x0000000770000000, 0x00000007c0000000)
  eden space 65536K, 79% used [0x000000076ab00000,0x000000076dd9b648,0x000000076eb00000)
  from space 10752K, 98% used [0x000000076eb00000,0x000000076f563d08,0x000000076f580000)
  to   space 10752K, 0% used [0x000000076f580000,0x000000076f580000,0x0000000770000000)
 ParOldGen       total 175104K, used 241K [0x00000006c0000000, 0x00000006cab00000, 0x000000076ab00000)
  object space 175104K, 0% used [0x00000006c0000000,0x00000006c003c570,0x00000006cab00000)
 Metaspace       used 20540K, capacity 21176K, committed 21296K, reserved 1069056K
  class space    used 2457K, capacity 2688K, committed 2688K, reserved 1048576K
Event: 4.480 GC heap after
Heap after GC invocations=4 (full 0):
 PSYoungGen      total 76288K, used 10726K [0x000000076ab00000, 0x0000000770000000, 0x00000007c0000000)
  eden space 65536K, 0% used [0x000000076ab00000,0x000000076ab00000,0x000000076eb00000)
  from space 10752K, 99% used [0x000000076f580000,0x000000076fff9a80,0x0000000770000000)
  to   space 10752K, 0% used [0x000000076eb00000,0x000000076eb00000,0x000000076f580000)
 ParOldGen       total 175104K, used 2765K [0x00000006c0000000, 0x00000006cab00000, 0x000000076ab00000)
  object space 175104K, 1% used [0x00000006c0000000,0x00000006c02b34f0,0x00000006cab00000)
 Metaspace       used 20540K, capacity 21176K, committed 21296K, reserved 1069056K
  class space    used 2457K, capacity 2688K, committed 2688K, reserved 1048576K
}
Event: 4.480 GC heap before
{Heap before GC invocations=5 (full 1):
 PSYoungGen      total 76288K, used 10726K [0x000000076ab00000, 0x0000000770000000, 0x00000007c0000000)
  eden space 65536K, 0% used [0x000000076ab00000,0x000000076ab00000,0x000000076eb00000)
  from space 10752K, 99% used [0x000000076f580000,0x000000076fff9a80,0x0000000770000000)
  to   space 10752K, 0% used [0x000000076eb00000,0x000000076eb00000,0x000000076f580000)
 ParOldGen       total 175104K, used 2765K [0x00000006c0000000, 0x00000006cab00000, 0x000000076ab00000)
  object space 175104K, 1% used [0x00000006c0000000,0x00000006c02b34f0,0x00000006cab00000)
 Metaspace       used 20540K, capacity 21176K, committed 21296K, reserved 1069056K
  class space    used 2457K, capacity 2688K, committed 2688K, reserved 1048576K
Event: 4.537 GC heap after
Heap after GC invocations=5 (full 1):
 PSYoungGen      total 76288K, used 0K [0x000000076ab00000, 0x0000000770000000, 0x00000007c0000000)
  eden space 65536K, 0% used [0x000000076ab00000,0x000000076ab00000,0x000000076eb00000)
  from space 10752K, 0% used [0x000000076f580000,0x000000076f580000,0x0000000770000000)
  to   space 10752K, 0% used [0x000000076eb00000,0x000000076eb00000,0x000000076f580000)
 ParOldGen       total 119808K, used 13166K [0x00000006c0000000, 0x00000006c7500000, 0x000000076ab00000)
  object space 119808K, 10% used [0x00000006c0000000,0x00000006c0cdb928,0x00000006c7500000)
 Metaspace       used 20540K, capacity 21176K, committed 21296K, reserved 1069056K
  class space    used 2457K, capacity 2688K, committed 2688K, reserved 1048576K
}

